2024.10.10 08:21:00 INFO  Started: Metals version 1.3.5 in folders 'C:\Users\andre\Documents\dev\scala\scala_project_2024\bank_system' for client Visual Studio Code 1.94.1.
SLF4J(W): Class path contains multiple SLF4J providers.
SLF4J(W): Found provider [scribe.slf4j.ScribeServiceProvider@378d9be7]
SLF4J(W): Found provider [ch.qos.logback.classic.spi.LogbackServiceProvider@7d49720f]
SLF4J(W): See https://www.slf4j.org/codes.html#multiple_bindings for an explanation.
SLF4J(I): Actual provider is of type [scribe.slf4j.ScribeServiceProvider@378d9be7]
2024.10.10 08:21:01 WARN  Flyway upgrade recommended: H2 2.3.230 is newer than this version of Flyway and support has not been tested. The latest supported version of H2 is 2.2.220.
okt. 10, 2024 8:21:03 A.M. org.eclipse.lsp4j.jsonrpc.RemoteEndpoint handleCancellation
WARNING: Unmatched cancel notification for request id 1
2024.10.10 08:21:03 INFO  no build target found for C:\Users\andre\Documents\dev\scala\scala_project_2024\bank_system\src\main\scala\Bank.scala. Using presentation compiler with project's scala-library version: 3.3.3
2024.10.10 08:30:28 INFO  no build target found for C:\Users\andre\Documents\dev\scala\scala_project_2024\bank_system\src\main\scala\Bank.scala. Using presentation compiler with project's scala-library version: 3.3.3
2024.10.10 08:30:28 INFO  no build target found for C:\Users\andre\Documents\dev\scala\scala_project_2024\bank_system\src\main\scala\Bank.scala. Using presentation compiler with project's scala-library version: 3.3.3
2024.10.10 08:30:30 INFO  no build target found for C:\Users\andre\Documents\dev\scala\scala_project_2024\bank_system\src\main\scala\Bank.scala. Using presentation compiler with project's scala-library version: 3.3.3
2024.10.10 09:25:07 INFO  no build target found for C:\Users\andre\Documents\dev\scala\scala_project_2024\bank_system\src\main\scala\Bank.scala. Using presentation compiler with project's scala-library version: 3.3.3
2024.10.10 10:15:26 INFO  no build target found for C:\Users\andre\Documents\dev\scala\scala_project_2024\bank_system\src\main\scala\Bank.scala. Using presentation compiler with project's scala-library version: 3.3.3
2024.10.10 10:15:30 INFO  Shutting down server
2024.10.10 10:15:30 INFO  shutting down Metals
2024.10.10 10:15:30 INFO  Exiting server
2024.10.10 10:22:16 INFO  Started: Metals version 1.3.5 in folders 'C:\Users\andre\Documents\dev\scala\scala_project_2024\bank_system' for client Visual Studio Code 1.94.1.
SLF4J(W): Class path contains multiple SLF4J providers.
SLF4J(W): Found provider [scribe.slf4j.ScribeServiceProvider@30f8f621]
SLF4J(W): Found provider [ch.qos.logback.classic.spi.LogbackServiceProvider@23e4ceba]
SLF4J(W): See https://www.slf4j.org/codes.html#multiple_bindings for an explanation.
SLF4J(I): Actual provider is of type [scribe.slf4j.ScribeServiceProvider@30f8f621]
2024.10.10 10:22:20 WARN  Flyway upgrade recommended: H2 2.3.230 is newer than this version of Flyway and support has not been tested. The latest supported version of H2 is 2.2.220.
2024.10.10 10:22:22 INFO  no build target found for C:\Users\andre\Documents\dev\scala\scala_project_2024\bank_system\src\main\scala\Bank.scala. Using presentation compiler with project's scala-library version: 3.3.3
2024.10.10 10:29:26 INFO  no build target found for C:\Users\andre\Documents\dev\scala\scala_project_2024\bank_system\src\main\scala\Bank.scala. Using presentation compiler with project's scala-library version: 3.3.3
2024.10.10 10:32:35 INFO  no build target found for C:\Users\andre\Documents\dev\scala\scala_project_2024\bank_system\src\main\scala\Bank.scala. Using presentation compiler with project's scala-library version: 3.3.3
2024.10.10 10:35:03 INFO  no build target found for C:\Users\andre\Documents\dev\scala\scala_project_2024\bank_system\src\main\scala\Bank.scala. Using presentation compiler with project's scala-library version: 3.3.3
2024.10.10 10:35:09 INFO  no build target found for C:\Users\andre\Documents\dev\scala\scala_project_2024\bank_system\src\main\scala\Bank.scala. Using presentation compiler with project's scala-library version: 3.3.3
2024.10.10 10:35:32 INFO  no build target found for C:\Users\andre\Documents\dev\scala\scala_project_2024\bank_system\src\test\scala\AccountTests.scala. Using presentation compiler with project's scala-library version: 3.3.3
2024.10.10 10:35:33 INFO  no build target found for C:\Users\andre\Documents\dev\scala\scala_project_2024\bank_system\src\test\scala\AccountTests.scala. Using presentation compiler with project's scala-library version: 3.3.3
2024.10.10 10:35:36 INFO  no build target found for C:\Users\andre\Documents\dev\scala\scala_project_2024\bank_system\src\test\scala\AccountTests.scala. Using presentation compiler with project's scala-library version: 3.3.3
2024.10.10 10:35:36 INFO  no build target found for C:\Users\andre\Documents\dev\scala\scala_project_2024\bank_system\src\main\scala\Bank.scala. Using presentation compiler with project's scala-library version: 3.3.3
2024.10.10 10:35:37 INFO  no build target found for C:\Users\andre\Documents\dev\scala\scala_project_2024\bank_system\src\main\scala\Account.scala. Using presentation compiler with project's scala-library version: 3.3.3
2024.10.10 10:35:37 INFO  no build target found for C:\Users\andre\Documents\dev\scala\scala_project_2024\bank_system\src\main\scala\Account.scala. Using presentation compiler with project's scala-library version: 3.3.3
2024.10.10 10:36:03 INFO  no build target found for C:\Users\andre\Documents\dev\scala\scala_project_2024\bank_system\src\main\scala\Account.scala. Using presentation compiler with project's scala-library version: 3.3.3
2024.10.10 10:36:03 INFO  no build target found for C:\Users\andre\Documents\dev\scala\scala_project_2024\bank_system\src\main\scala\Bank.scala. Using presentation compiler with project's scala-library version: 3.3.3
2024.10.10 10:36:05 INFO  no build target found for C:\Users\andre\Documents\dev\scala\scala_project_2024\bank_system\src\main\scala\Account.scala. Using presentation compiler with project's scala-library version: 3.3.3
2024.10.10 10:36:05 INFO  no build target found for C:\Users\andre\Documents\dev\scala\scala_project_2024\bank_system\src\main\scala\Account.scala. Using presentation compiler with project's scala-library version: 3.3.3
2024.10.10 10:36:06 INFO  no build target found for C:\Users\andre\Documents\dev\scala\scala_project_2024\bank_system\src\main\scala\Account.scala. Using presentation compiler with project's scala-library version: 3.3.3
2024.10.10 10:36:06 INFO  no build target found for C:\Users\andre\Documents\dev\scala\scala_project_2024\bank_system\src\main\scala\Bank.scala. Using presentation compiler with project's scala-library version: 3.3.3
2024.10.10 10:36:08 INFO  no build target found for C:\Users\andre\Documents\dev\scala\scala_project_2024\bank_system\src\main\scala\Bank.scala. Using presentation compiler with project's scala-library version: 3.3.3
2024.10.10 10:36:08 INFO  no build target found for C:\Users\andre\Documents\dev\scala\scala_project_2024\bank_system\src\main\scala\Main.scala. Using presentation compiler with project's scala-library version: 3.3.3
2024.10.10 10:36:08 INFO  no build target found for C:\Users\andre\Documents\dev\scala\scala_project_2024\bank_system\src\main\scala\Main.scala. Using presentation compiler with project's scala-library version: 3.3.3
2024.10.10 10:36:21 INFO  no build target found for C:\Users\andre\Documents\dev\scala\scala_project_2024\bank_system\src\main\scala\Main.scala. Using presentation compiler with project's scala-library version: 3.3.3
2024.10.10 10:36:21 INFO  no build target found for C:\Users\andre\Documents\dev\scala\scala_project_2024\bank_system\src\main\scala\Transaction.scala. Using presentation compiler with project's scala-library version: 3.3.3
2024.10.10 10:36:21 INFO  no build target found for C:\Users\andre\Documents\dev\scala\scala_project_2024\bank_system\src\main\scala\Transaction.scala. Using presentation compiler with project's scala-library version: 3.3.3
2024.10.10 10:36:25 INFO  no build target found for C:\Users\andre\Documents\dev\scala\scala_project_2024\bank_system\src\main\scala\Transaction.scala. Using presentation compiler with project's scala-library version: 3.3.3
2024.10.10 10:43:52 INFO  Shutting down server
2024.10.10 10:43:52 INFO  shutting down Metals
2024.10.10 10:43:52 INFO  Exiting server
